Warm-up OK
Référence NumPy : 85.92s
CuPy GPU        : 27.00s
Speed-up        : 3.2x
Estimation 4571 : 205.7 min

------------------------------------------------------------
Sender: LSF System <lsfadmin@hpc.dtu.dk>
Subject: Job 28123598: <wall_heat_cupy> in cluster <dcc> Done

Job <wall_heat_cupy> was submitted from host <hpclogin2> by user <s253050> in cluster <dcc> at Mon Mar 30 10:29:51 2026
Job was executed on host(s) <4*n-62-20-13>, in queue <gpuv100>, as user <s253050> in cluster <dcc> at Mon Mar 30 10:29:52 2026
</zhome/3f/9/223204> was used as the home directory.
</zhome/3f/9/223204/projects/02613_HPC/Project> was used as the working directory.
Started at Mon Mar 30 10:29:52 2026
Terminated at Mon Mar 30 10:31:53 2026
Results reported at Mon Mar 30 10:31:53 2026

Your job looked like:

------------------------------------------------------------
# LSBATCH: User input
#!/bin/bash
#BSUB -J wall_heat_cupy
#BSUB -o logs/cupy_%J.out
#BSUB -e logs/cupy_%J.err
#BSUB -n 4
#BSUB -R "span[hosts=1]"
#BSUB -R "rusage[mem=8GB]"
#BSUB -W 01:00
#BSUB -q gpuv100
#BSUB -gpu "num=1:mode=exclusive_process"

module load python3/3.9.23
module load cuda/12.1
source /zhome/3f/9/223204/projects/ADLCV/adlcv-ex2_1/.venv/bin/activate

python - << 'PYEOF'
import time
import cupy as cp
import numpy as np
from os.path import join
from simulate import load_data, summary_stats

LOAD_DIR = '/dtu/projects/02613_2025/data/modified_swiss_dwellings/'
MAX_ITER, ABS_TOL = 20_000, 1e-4

with open(join(LOAD_DIR, 'building_ids.txt')) as f:
    building_ids = f.read().splitlines()[:10]

def jacobi_cupy(u, interior_mask, max_iter, atol=1e-4):
    u_gpu   = cp.array(u, dtype=cp.float64)
    mask_gpu = cp.array(interior_mask)
    for i in range(max_iter):
        u_new = 0.25 * (u_gpu[1:-1,:-2] + u_gpu[1:-1,2:]
                      + u_gpu[:-2,1:-1] + u_gpu[2:,1:-1])
        delta = cp.abs(u_gpu[1:-1,1:-1][mask_gpu] - u_new[mask_gpu]).max()
        u_gpu[1:-1,1:-1][mask_gpu] = u_new[mask_gpu]
        if float(delta) < atol:
            break
    return cp.asnumpy(u_gpu)

# Warm-up
u0, mask = load_data(LOAD_DIR, building_ids[0])
_ = jacobi_cupy(u0, mask, max_iter=1)
print("Warm-up OK", flush=True)

# Benchmark vs référence
from simulate import jacobi as jacobi_ref
t0 = time.perf_counter()
for bid in building_ids:
    u0, mask = load_data(LOAD_DIR, bid)

(... more ...)
------------------------------------------------------------

Successfully completed.

Resource usage summary:

    CPU time :                                   116.66 sec.
    Max Memory :                                 119 MB
    Average Memory :                             119.00 MB
    Total Requested Memory :                     32768.00 MB
    Delta Memory :                               32649.00 MB
    Max Swap :                                   -
    Max Processes :                              4
    Max Threads :                                9
    Run time :                                   121 sec.
    Turnaround time :                            122 sec.

The output (if any) is above this job summary.



PS:

Read file <logs/cupy_28123598.err> for stderr output of this job.

