Warm-up OK
Référence NumPy  : 85.31s  →  1.0x
CuPy naïf        : 26.51s  →  3.2x
CuPy optimisé    : 0.04s  →  2351.3x
Gain optimisation: 730.7x
Estimation 4571 (opt) : 0.3 min

------------------------------------------------------------
Sender: LSF System <lsfadmin@hpc.dtu.dk>
Subject: Job 28123656: <cupy_opt> in cluster <dcc> Done

Job <cupy_opt> was submitted from host <hpclogin2> by user <s253050> in cluster <dcc> at Mon Mar 30 10:45:49 2026
Job was executed on host(s) <4*n-62-20-13>, in queue <gpuv100>, as user <s253050> in cluster <dcc> at Mon Mar 30 10:45:49 2026
</zhome/3f/9/223204> was used as the home directory.
</zhome/3f/9/223204/projects/02613_HPC/Project> was used as the working directory.
Started at Mon Mar 30 10:45:49 2026
Terminated at Mon Mar 30 10:47:44 2026
Results reported at Mon Mar 30 10:47:44 2026

Your job looked like:

------------------------------------------------------------
# LSBATCH: User input
#!/bin/bash
#BSUB -J cupy_opt
#BSUB -o logs/cupy_opt_%J.out
#BSUB -e logs/cupy_opt_%J.err
#BSUB -n 4
#BSUB -R "span[hosts=1]"
#BSUB -R "rusage[mem=8GB]"
#BSUB -W 00:30
#BSUB -q gpuv100
#BSUB -gpu "num=1:mode=exclusive_process"

module load python3/3.9.23
module load cuda/12.1
source /zhome/3f/9/223204/projects/ADLCV/adlcv-ex2_1/.venv/bin/activate

python - << 'PYEOF'
import time, cupy as cp
from os.path import join
from simulate import load_data, summary_stats, jacobi as jacobi_ref

LOAD_DIR = '/dtu/projects/02613_2025/data/modified_swiss_dwellings/'
MAX_ITER, ABS_TOL = 20_000, 1e-4

with open(join(LOAD_DIR, 'building_ids.txt')) as f:
    building_ids = f.read().splitlines()[:10]

def jacobi_cupy_naive(u, mask, max_iter, atol=1e-4):
    """Version naïve : float(delta) force un transfert GPU→CPU à chaque itération"""
    u_gpu, mask_gpu = cp.array(u, dtype=cp.float64), cp.array(mask)
    for i in range(max_iter):
        u_new = 0.25*(u_gpu[1:-1,:-2]+u_gpu[1:-1,2:]+u_gpu[:-2,1:-1]+u_gpu[2:,1:-1])
        delta = cp.abs(u_gpu[1:-1,1:-1][mask_gpu] - u_new[mask_gpu]).max()
        u_gpu[1:-1,1:-1][mask_gpu] = u_new[mask_gpu]
        if float(delta) < atol:  # ← transfert GPU→CPU ici à chaque itération !
            break
    return cp.asnumpy(u_gpu)

def jacobi_cupy_opt(u, mask, max_iter, check_every=50):
    """Version optimisée : on vérifie la convergence tous les 50 pas seulement"""
    u_gpu, mask_gpu = cp.array(u, dtype=cp.float64), cp.array(mask)
    for i in range(max_iter):
        u_new = 0.25*(u_gpu[1:-1,:-2]+u_gpu[1:-1,2:]+u_gpu[:-2,1:-1]+u_gpu[2:,1:-1])
        u_gpu[1:-1,1:-1][mask_gpu] = u_new[mask_gpu]
        # Transfert GPU→CPU seulement tous les check_every pas
        if i % check_every == 0:
            delta = cp.abs(u_gpu[1:-1,1:-1][mask_gpu] - u_new[mask_gpu]).max()
            if float(delta) < ABS_TOL:
                break
    return cp.asnumpy(u_gpu)


(... more ...)
------------------------------------------------------------

Successfully completed.

Resource usage summary:

    CPU time :                                   113.12 sec.
    Max Memory :                                 108 MB
    Average Memory :                             107.33 MB
    Total Requested Memory :                     32768.00 MB
    Delta Memory :                               32660.00 MB
    Max Swap :                                   -
    Max Processes :                              4
    Max Threads :                                9
    Run time :                                   115 sec.
    Turnaround time :                            115 sec.

The output (if any) is above this job summary.



PS:

Read file <logs/cupy_opt_28123656.err> for stderr output of this job.

