=== DÉMARRAGE DU CALCUL FINAL (4571 bâtiments) ===

------------------------------------------------------------
Sender: LSF System <lsfadmin@hpc.dtu.dk>
Subject: Job 28104901: <HEAT_FINAL_NUMBA> in cluster <dcc> Exited

Job <HEAT_FINAL_NUMBA> was submitted from host <hpclogin1> by user <s253050> in cluster <dcc> at Wed Mar 25 19:13:04 2026
Job was executed on host(s) <8*n-62-28-29>, in queue <hpc>, as user <s253050> in cluster <dcc> at Wed Mar 25 19:13:04 2026
</zhome/3f/9/223204> was used as the home directory.
</zhome/3f/9/223204/projects/02613_HPC/Project> was used as the working directory.
Started at Wed Mar 25 19:13:04 2026
Terminated at Wed Mar 25 20:13:09 2026
Results reported at Wed Mar 25 20:13:09 2026

Your job looked like:

------------------------------------------------------------
# LSBATCH: User input
#!/bin/bash
#BSUB -J HEAT_FINAL_NUMBA
#BSUB -o logs/final_numba_%J.out
#BSUB -e logs/final_numba_%J.err
#BSUB -n 8
#BSUB -R "span[hosts=1]"
#BSUB -R "rusage[mem=2GB]"
#BSUB -W 01:00
#BSUB -q hpc

module load python3/3.9.23
source /zhome/3f/9/223204/projects/ADLCV/adlcv-ex2_1/.venv/bin/activate

export NUMBA_NUM_THREADS=8

echo "=== DÉMARRAGE DU CALCUL FINAL (4571 bâtiments) ==="
python part3_numba.py 5000
echo "=== CALCUL TERMINÉ A $(date) ==="

------------------------------------------------------------

TERM_RUNLIMIT: job killed after reaching LSF run time limit.
Exited with exit code 140.

Resource usage summary:

    CPU time :                                   3600.00 sec.
    Max Memory :                                 77 MB
    Average Memory :                             73.12 MB
    Total Requested Memory :                     16384.00 MB
    Delta Memory :                               16307.00 MB
    Max Swap :                                   -
    Max Processes :                              4
    Max Threads :                                5
    Run time :                                   3605 sec.
    Turnaround time :                            3605 sec.

The output (if any) is above this job summary.



PS:

Read file <logs/final_numba_28104901.err> for stderr output of this job.

