=== TÂCHE 4 – Profiling kernprof ===
Profiling de la fonction jacobi sur bâtiment 10000...
(200 itérations)
Profiling terminé.
Wrote profile results to 'jacobi_profile.py.lprof'
Timer unit: 1e-06 s

Total time: 0.342699 s
File: jacobi_profile.py
Function: jacobi at line 24

Line #      Hits         Time  Per Hit   % Time  Line Contents
==============================================================
    24                                           @profile  # ← décorateur SPÉCIAL kernprof (ne pas importer, kernprof l'injecte)
    25                                           def jacobi(u, interior_mask, max_iter, atol=1e-6):
    26                                               """
    27                                               Fonction Jacobi profilée ligne par ligne.
    28                                               On utilise seulement 200 itérations pour ne pas attendre trop longtemps.
    29                                               """
    30         1       1482.3   1482.3      0.4      u = np.copy(u)                         # ligne 1 : copie de la grille
    31       201        111.0      0.6      0.0      for i in range(max_iter):              # ligne 2 : boucle principale
    32                                                   # Calcul de la moyenne des 4 voisins pour tous les points intérieurs
    33                                                   # (opération matricielle NumPy = rapide, mais appelée 200× !)
    34       400      23046.1     57.6      6.7          u_new = 0.25 * (                   # ligne 3 : ← LIGNE LA PLUS LENTE
    35       800     185168.2    231.5     54.0              u[1:-1, :-2]                   #   voisin gauche
    36       200        116.1      0.6      0.0            + u[1:-1, 2:]                    #   voisin droite
    37       200        245.3      1.2      0.1            + u[:-2, 1:-1]                   #   voisin haut
    38       200        235.1      1.2      0.1            + u[2:, 1:-1]                    #   voisin bas
    39                                                   )
    40                                                   # Extraction des valeurs intérieures (indexation booléenne)
    41       200      35102.2    175.5     10.2          u_new_interior = u_new[interior_mask]  # ligne 4 : extraction masque
    42                                           
    43                                                   # Calcul de la variation maximale (critère de convergence)
    44       400      12450.7     31.1      3.6          delta = np.abs(                        # ligne 5 : ← 2ÈME PLUS LENTE
    45       200      45777.1    228.9     13.4              u[1:-1, 1:-1][interior_mask] - u_new_interior
    46                                                   ).max()
    47                                           
    48                                                   # Mise à jour uniquement des points intérieurs
    49       200      38822.4    194.1     11.3          u[1:-1, 1:-1][interior_mask] = u_new_interior  # ligne 6 : mise à jour
    50                                           
    51       200        142.1      0.7      0.0          if delta < atol:                       # ligne 7 : test de convergence
    52                                                       break
    53         1          0.3      0.3      0.0      return u


------------------------------------------------------------
Sender: LSF System <lsfadmin@hpc.dtu.dk>
Subject: Job 28104693: <wall_kernprof> in cluster <dcc> Done

Job <wall_kernprof> was submitted from host <hpclogin1> by user <s253050> in cluster <dcc> at Wed Mar 25 18:37:25 2026
Job was executed on host(s) <n-62-11-61>, in queue <hpc>, as user <s253050> in cluster <dcc> at Wed Mar 25 18:37:25 2026
</zhome/3f/9/223204> was used as the home directory.
</zhome/3f/9/223204/projects/02613_HPC/Project> was used as the working directory.
Started at Wed Mar 25 18:37:25 2026
Terminated at Wed Mar 25 18:37:27 2026
Results reported at Wed Mar 25 18:37:27 2026

Your job looked like:

------------------------------------------------------------
# LSBATCH: User input
#!/bin/bash
#BSUB -J wall_kernprof
#BSUB -o logs/kernprof_%J.out
#BSUB -e logs/kernprof_%J.err
#BSUB -n 1
#BSUB -R "rusage[mem=4GB]"
#BSUB -W 00:30
#BSUB -q hpc

module load python3/3.9.23
source /zhome/3f/9/223204/projects/ADLCV/adlcv-ex2_1/.venv/bin/activate

mkdir -p logs

echo "=== TÂCHE 4 – Profiling kernprof ==="
kernprof -l -v jacobi_profile.py > logs/kernprof_output.txt 2>&1
cat logs/kernprof_output.txt

------------------------------------------------------------

Successfully completed.

Resource usage summary:

    CPU time :                                   1.10 sec.
    Max Memory :                                 -
    Average Memory :                             -
    Total Requested Memory :                     4096.00 MB
    Delta Memory :                               -
    Max Swap :                                   -
    Max Processes :                              -
    Max Threads :                                -
    Run time :                                   2 sec.
    Turnaround time :                            2 sec.

The output (if any) is above this job summary.



PS:

Read file <logs/kernprof_28104693.err> for stderr output of this job.

