=== PARTIE 3 – Numba JIT ===
=======================================================
  PARTIE 3 – Optimisation Numba JIT
=======================================================
  Bâtiments de test : 10

─── Vérification de correction ─────────────────────────────
  Bâtiment 10000 : diff max = 0.00e+00  ✓ OK
  Bâtiment 10009 : diff max = 0.00e+00  ✓ OK
  Bâtiment 10014 : diff max = 0.00e+00  ✓ OK

Méthode                   |  Temps (s) |   Speed-up
----------------------------------------------------
(a) Référence NumPy       |      86.58 |      1.00x
  Compilation JIT en cours (warm-up)... terminé en 2.0s
(b) Numba JIT séquentiel  |      23.98 |      3.61x
(c) Numba JIT parallèle   |       1.70 |     50.99x

  Extrapolation à 4571 bâtiments :
    Référence    : 659.6 min (10.99h)
    Numba seq    : 182.7 min (3.04h)
    Numba par    : 12.9 min (0.22h)

─── Résultats CSV (Numba JIT) ──────────────────────────────
building_id, mean_temp, std_temp, pct_above_18, pct_below_15
10000, 14.01233878811275, 6.367431059312565, 30.941014791508444, 55.542295034537624
10009, 11.000135812436373, 5.811144379826625, 16.6712734948236, 74.9723590310584
10014, 14.744169941950119, 7.037733284673848, 38.26367541377415, 52.80837116508215
10019, 14.735524480624482, 7.030325006703675, 38.14915412864569, 52.92926826787113
10029, 10.616037322820358, 6.317331938274926, 18.25563221896085, 74.51301795448481
10031, 12.507072852890545, 6.278432089100354, 24.044722033998173, 66.39513301711693
10051, 13.289039951277402, 5.999085063388632, 25.97693550756574, 62.859923608050536
10053, 11.366493551285709, 6.26121798185875, 19.9510754583921, 72.41052538787024
10056, 14.220114507861702, 6.179461157398302, 31.763454814173965, 57.06174975667784
10064, 12.71696893739585, 6.964227784263683, 28.79137124461432, 62.75688345539249
=== Terminé Wed Mar 25 18:43:59 CET 2026 ===

------------------------------------------------------------
Sender: LSF System <lsfadmin@hpc.dtu.dk>
Subject: Job 28104698: <wall_heat_p3> in cluster <dcc> Done

Job <wall_heat_p3> was submitted from host <hpclogin1> by user <s253050> in cluster <dcc> at Wed Mar 25 18:40:54 2026
Job was executed on host(s) <8*n-62-28-29>, in queue <hpc>, as user <s253050> in cluster <dcc> at Wed Mar 25 18:40:54 2026
</zhome/3f/9/223204> was used as the home directory.
</zhome/3f/9/223204/projects/02613_HPC/Project> was used as the working directory.
Started at Wed Mar 25 18:40:54 2026
Terminated at Wed Mar 25 18:44:00 2026
Results reported at Wed Mar 25 18:44:00 2026

Your job looked like:

------------------------------------------------------------
# LSBATCH: User input
#!/bin/bash
#BSUB -J wall_heat_p3
#BSUB -o logs/part3_%J.out
#BSUB -e logs/part3_%J.err
#BSUB -n 8                     # pour Numba parallèle
#BSUB -R "span[hosts=1]"
#BSUB -R "rusage[mem=8GB]"
#BSUB -W 01:00
#BSUB -q hpc

module load python3/3.9.23
source /zhome/3f/9/223204/projects/ADLCV/adlcv-ex2_1/.venv/bin/activate

mkdir -p logs

echo "=== PARTIE 3 – Numba JIT ==="

# Variable d'environnement Numba pour utiliser tous les cœurs
export NUMBA_NUM_THREADS=$LSB_DJOB_NUMPROC

python part3_numba.py 10

echo "=== Terminé $(date) ==="

------------------------------------------------------------

Successfully completed.

Resource usage summary:

    CPU time :                                   180.20 sec.
    Max Memory :                                 104 MB
    Average Memory :                             95.25 MB
    Total Requested Memory :                     65536.00 MB
    Delta Memory :                               65432.00 MB
    Max Swap :                                   -
    Max Processes :                              4
    Max Threads :                                12
    Run time :                                   185 sec.
    Turnaround time :                            186 sec.

The output (if any) is above this job summary.



PS:

Read file <logs/part3_28104698.err> for stderr output of this job.

