=== PARTIE 1 – Exploration des données ===
Job ID : 28104681
Nœud   : n-62-31-5
Date   : Wed Mar 25 18:28:52 CET 2026

Dataset : 4571 bâtiments disponibles.
Exemples d'IDs : ['10000', '10009', '10014', '10019', '10029']
============================================================
TÂCHE 1 – Visualisation des données d'entrée
============================================================
  → Sauvegardé : part1_task1_input_data.png

============================================================
TÂCHE 2 – Timing sur 10 bâtiments
============================================================
  Chargement    : 0.04s pour 10 bâtiments
  Simulation    : 111.97s pour 10 bâtiments
  Total         : 112.02s pour 10 bâtiments
  Par bâtiment  : 11.20s

  ➜ Estimation pour 4571 bâtiments : 853.4 minutes (14.22 heures)
  ➜ C'est BEAUCOUP trop lent → besoin d'optimisation !

============================================================
TÂCHE 3 – Visualisation des résultats de simulation
============================================================
  Simulation bâtiment 10000 ... 7.9s
  Simulation bâtiment 10009 ... 12.9s
  Simulation bâtiment 10014 ... 20.2s
  Simulation bâtiment 10019 ... 19.1s
  → Sauvegardé : part1_task3_simulation_results.png

============================================================
TÂCHE 4 – Profiling avec kernprof
============================================================

Pour profiler la fonction jacobi() ligne par ligne :

  1. Crée un fichier 'jacobi_profile.py' contenant :

        from simulate import load_data, summary_stats
        import numpy as np

        LOAD_DIR = '/dtu/projects/02613_2025/data/modified_swiss_dwellings/'

        @profile                         ← décorateur magique de kernprof
        def jacobi(u, interior_mask, max_iter, atol=1e-6):
            u = np.copy(u)
            for i in range(max_iter):
                u_new = 0.25 * (u[1:-1, :-2] + u[1:-1, 2:]
                              + u[:-2, 1:-1] + u[2:, 1:-1])
                u_new_interior = u_new[interior_mask]
                delta = np.abs(u[1:-1, 1:-1][interior_mask]
                               - u_new_interior).max()
                u[1:-1, 1:-1][interior_mask] = u_new_interior
                if delta < atol:
                    break
            return u

        if __name__ == '__main__':
            with open(LOAD_DIR + 'building_ids.txt') as f:
                bid = f.readline().strip()
            u0, mask = load_data(LOAD_DIR, bid)
            jacobi(u0, mask, 100)          ← seulement 100 itérations pour aller vite

  2. Lance :
        kernprof -l -v jacobi_profile.py

  Résultat attendu (exemple simplifié) :
  ┌─────────────────────────────────────────────────────────────┐
  │ Line  Hits    Time   Per Hit  % Time  Contents              │
  │  18  20000  120000  6.0      2.0%   for i in range(...)    │
  │  20  20000 3000000  150.0   50.0%   u_new = 0.25 * (...)   │  ← DOMINANT
  │  21  20000  800000   40.0   13.0%   u_new_interior = ...   │
  │  22  20000 1500000   75.0   25.0%   delta = np.abs(...)    │  ← LENT
  │  23  20000  400000   20.0    7.0%   u[1:-1,1:-1][mask]=..  │
  └─────────────────────────────────────────────────────────────┘

  Interprétation :
  • Ligne 20 (calcul u_new) : la plus coûteuse → opération NumPy vectorisée
    sur une grille 514×514 = 264 000 points, à chaque itération.
  • Ligne 22 (calcul delta) : coûteux car il faut trouver le MAX sur ~200k points.
  • Ligne 21 (indexation masque) : extraction des valeurs intérieures.
  • Total : ~20 000 itérations × ~3 opérations lourdes = TRÈS lent en pur Python.

  → CONCLUSION : le goulot d'étranglement est la boucle Jacobi elle-même.
    Stratégies d'optimisation :
      (a) Paralléliser sur plusieurs CPU (Parties 2)
      (b) Compiler avec Numba JIT (Partie 3)
      (c) Passer sur GPU avec CUDA/CuPy (Partie 4)


✓ Partie 1 terminée. Regarde les fichiers PNG générés.

=== Timing sur 10 bâtiments ===
building_id, mean_temp, std_temp, pct_above_18, pct_below_15
10000, 14.01233878811275, 6.367431059312565, 30.941014791508444, 55.542295034537624
10009, 11.000135812436373, 5.811144379826625, 16.6712734948236, 74.9723590310584
10014, 14.744169941950119, 7.037733284673848, 38.26367541377415, 52.80837116508215
10019, 14.735524480624482, 7.030325006703675, 38.14915412864569, 52.92926826787113
10029, 10.616037322820358, 6.317331938274926, 18.25563221896085, 74.51301795448481
10031, 12.507072852890545, 6.278432089100354, 24.044722033998173, 66.39513301711693
10051, 13.289039951277402, 5.999085063388632, 25.97693550756574, 62.859923608050536
10053, 11.366493551285709, 6.26121798185875, 19.9510754583921, 72.41052538787024
10056, 14.220114507861702, 6.179461157398302, 31.763454814173965, 57.06174975667784
10064, 12.71696893739585, 6.964227784263683, 28.79137124461432, 62.75688345539249

=== Terminé Wed Mar 25 18:33:38 CET 2026 ===

------------------------------------------------------------
Sender: LSF System <lsfadmin@hpc.dtu.dk>
Subject: Job 28104681: <wall_heat_p1> in cluster <dcc> Done

Job <wall_heat_p1> was submitted from host <hpclogin1> by user <s253050> in cluster <dcc> at Wed Mar 25 18:28:50 2026
Job was executed on host(s) <n-62-31-5>, in queue <hpc>, as user <s253050> in cluster <dcc> at Wed Mar 25 18:28:51 2026
</zhome/3f/9/223204> was used as the home directory.
</zhome/3f/9/223204/projects/02613_HPC/Project> was used as the working directory.
Started at Wed Mar 25 18:28:51 2026
Terminated at Wed Mar 25 18:33:38 2026
Results reported at Wed Mar 25 18:33:38 2026

Your job looked like:

------------------------------------------------------------
# LSBATCH: User input
#!/bin/bash
#BSUB -J wall_heat_p1
#BSUB -o logs/part1_%J.out     # %J = numéro du job
#BSUB -e logs/part1_%J.err
#BSUB -n 1                     # 1 cœur CPU
#BSUB -R "rusage[mem=4GB]"     # 4 Go de RAM
#BSUB -W 01:00                 # 1 heure max
#BSUB -q hpc                   # partition à utiliser

# Charger les modules nécessaires
module load python3/3.9.23
source /zhome/3f/9/223204/projects/ADLCV/adlcv-ex2_1/.venv/bin/activate

mkdir -p logs

echo "=== PARTIE 1 – Exploration des données ==="
echo "Job ID : $LSB_JOBID"
echo "Nœud   : $LSB_HOSTS"
echo "Date   : $(date)"
echo ""

# Tâche 1, 3 : visualisation
python part1_explore.py

# Tâche 2 : timing sur 10 bâtiments
echo ""
echo "=== Timing sur 10 bâtiments ==="
time python simulate.py 10

echo ""
echo "=== Terminé $(date) ==="

------------------------------------------------------------

Successfully completed.

Resource usage summary:

    CPU time :                                   285.79 sec.
    Max Memory :                                 99 MB
    Average Memory :                             76.00 MB
    Total Requested Memory :                     4096.00 MB
    Delta Memory :                               3997.00 MB
    Max Swap :                                   -
    Max Processes :                              4
    Max Threads :                                5
    Run time :                                   287 sec.
    Turnaround time :                            288 sec.

The output (if any) is above this job summary.



PS:

Read file <logs/part1_28104681.err> for stderr output of this job.

